110.02.16 10:51 B U:\hrd\pdf-APS\descriptions\OSU\Chief_Financial_Officer.pdf --> www.ccsd.net /hrd/pdf-APS/descriptions/OSU Chief_Financial_Officer.pdf
110.02.16 10:51 B U:\hrd\pdf-APS\descriptions\OSU\Coordinator_I_Accounting.pdf --> www.ccsd.net /hrd/pdf-APS/descriptions/OSU Coordinator_I_Accounting.pdf
110.02.16 10:51 B U:\hrd\pdf-APS\descriptions\OSU\Coordinator_I_Accounting_Treasury.pdf --> www.ccsd.net /hrd/pdf-APS/descriptions/OSU Coordinator_I_Accounting_Treasury.pdf
110.02.16 10:51 B U:\hrd\pdf-APS\descriptions\OSU\Coordinator_I_Budget.pdf --> www.ccsd.net /hrd/pdf-APS/descriptions/OSU Coordinator_I_Budget.pdf
110.02.16 10:51 B U:\hrd\pdf-APS\descriptions\OSU\Coordinator_I_Fleet_Manager.pdf --> www.ccsd.net /hrd/pdf-APS/descriptions/OSU Coordinator_I_Fleet_Manager.pdf
110.02.16 10:51 B U:\hrd\pdf-APS\descriptions\OSU\Coordinator_II_Accounting.pdf --> www.ccsd.net /hrd/pdf-APS/descriptions/OSU Coordinator_II_Accounting.pdf
110.02.16 10:51 B U:\hrd\pdf-APS\descriptions\OSU\Coordinator_II_Benefits_Accounting_Supervisor.pdf --> www.ccsd.net /hrd/pdf-APS/descriptions/OSU Coordinator_II_Benefits_Accounting_Supervisor.pdf
110.02.16 10:51 B U:\hrd\pdf-APS\descriptions\OSU\Coordinator_II_Dietician.pdf --> www.ccsd.net /hrd/pdf-APS/descriptions/OSU Coordinator_II_Dietician.pdf
110.02.16 10:51 B U:\hrd\pdf-APS\descriptions\OSU\Coordinator_II_GIS_Zoning_and_Demographics.pdf --> www.ccsd.net /hrd/pdf-APS/descriptions/OSU Coordinator_II_GIS_Zoning_and_Demographics.pdf
110.02.16 10:51 B U:\hrd\pdf-APS\descriptions\OSU\Coordinator_II_Payroll_Processing_Supervisor.pdf --> www.ccsd.net /hrd/pdf-APS/descriptions/OSU Coordinator_II_Payroll_Processing_Supervisor.pdf
110.02.16 10:51 B U:\hrd\pdf-APS\descriptions\OSU\Coordinator_II_Real_Property_Management.pdf --> www.ccsd.net /hrd/pdf-APS/descriptions/OSU Coordinator_II_Real_Property_Management.pdf
110.02.16 10:51 B U:\hrd\pdf-APS\descriptions\OSU\Coordinator_II_Site_Development.pdf --> www.ccsd.net /hrd/pdf-APS/descriptions/OSU Coordinator_II_Site_Development.pdf
110.02.16 10:51 B U:\hrd\pdf-APS\descriptions\OSU\Coordinator_III_Administrative_Assistant_Bond_Administration.pdf --> www.ccsd.net /hrd/pdf-APS/descriptions/OSU Coordinator_III_Administrative_Assistant_Bond_Administration.pdf
110.02.16 10:51 B U:\hrd\pdf-APS\descriptions\OSU\Coordinator_III_Budget.pdf --> www.ccsd.net /hrd/pdf-APS/descriptions/OSU Coordinator_III_Budget.pdf
110.02.16 10:51 B U:\hrd\pdf-APS\descriptions\OSU\Coordinator_III_Cash_and_Investment_Management.pdf --> www.ccsd.net /hrd/pdf-APS/descriptions/OSU Coordinator_III_Cash_and_Investment_Management.pdf
110.02.16 10:51 B U:\hrd\pdf-APS\descriptions\OSU\Coordinator_III_Facilities_and_Bond_Fund_Financial_Management.pdf --> www.ccsd.net /hrd/pdf-APS/descriptions/OSU Coordinator_III_Facilities_and_Bond_Fund_Financial_Management.pdf
110.02.16 10:51 B U:\hrd\pdf-APS\descriptions\OSU\Coordinator_III_Facilities_Space_Requirements.pdf --> www.ccsd.net /hrd/pdf-APS/descriptions/OSU Coordinator_III_Facilities_Space_Requirements.pdf
110.02.16 10:51 B U:\hrd\pdf-APS\descriptions\OSU\Coordinator_III_Geographic_Information_System_Demographics_and_Zoning.pdf --> www.ccsd.net /hrd/pdf-APS/descriptions/OSU Coordinator_III_Geographic_Information_System_Demographics_and_Zoning.pdf
110.02.16 10:51 B U:\hrd\pdf-APS\descriptions\OSU\Coordinator_III_GIS_Demographics_and_Zoning.pdf --> www.ccsd.net /hrd/pdf-APS/descriptions/OSU Coordinator_III_GIS_Demographics_and_Zoning.pdf
110.02.16 10:51 B U:\hrd\pdf-APS\descriptions\OSU\Coordinator_III_GIS_Real_Property_Management.pdf --> www.ccsd.net /hrd/pdf-APS/descriptions/OSU Coordinator_III_GIS_Real_Property_Management.pdf
110.02.16 10:51 B U:\hrd\pdf-APS\descriptions\OSU\Coordinator_III_Safety.pdf --> www.ccsd.net /hrd/pdf-APS/descriptions/OSU Coordinator_III_Safety.pdf
110.02.16 10:51 B U:\hrd\pdf-APS\descriptions\OSU\Coordinator_III_School_Banking.pdf --> www.ccsd.net /hrd/pdf-APS/descriptions/OSU Coordinator_III_School_Banking.pdf
110.02.16 10:51 B U:\hrd\pdf-APS\descriptions\OSU\Coordinator_III_Statistician_Demographics_Zoning_GIS.pdf --> www.ccsd.net /hrd/pdf-APS/descriptions/OSU Coordinator_III_Statistician_Demographics_Zoning_GIS.pdf
110.02.16 10:51 B U:\hrd\pdf-APS\descriptions\OSU\Coordinator_IV_Accounting.pdf --> www.ccsd.net /hrd/pdf-APS/descriptions/OSU Coordinator_IV_Accounting.pdf
110.02.16 10:51 B U:\hrd\pdf-APS\descriptions\OSU\Coordinator_IV_Budget.pdf --> www.ccsd.net /hrd/pdf-APS/descriptions/OSU Coordinator_IV_Budget.pdf
110.02.16 10:51 B U:\hrd\pdf-APS\descriptions\OSU\Coordinator_IV_Bus_Operations.pdf --> www.ccsd.net /hrd/pdf-APS/descriptions/OSU Coordinator_IV_Bus_Operations.pdf
110.02.16 10:51 B U:\hrd\pdf-APS\descriptions\OSU\Coordinator_IV_Claims_Management_Services.pdf --> www.ccsd.net /hrd/pdf-APS/descriptions/OSU Coordinator_IV_Claims_Management_Services.pdf
110.02.16 10:51 B U:\hrd\pdf-APS\descriptions\OSU\Coordinator_IV_Demographics_and_Zoning.pdf --> www.ccsd.net /hrd/pdf-APS/descriptions/OSU Coordinator_IV_Demographics_and_Zoning.pdf
110.02.16 10:51 B U:\hrd\pdf-APS\descriptions\OSU\Coordinator_IV_Employee_Management_Relations.pdf --> www.ccsd.net /hrd/pdf-APS/descriptions/OSU Coordinator_IV_Employee_Management_Relations.pdf
110.02.16 10:51 B U:\hrd\pdf-APS\descriptions\OSU\Coordinator_IV_Food_Service_Financial_Management.pdf --> www.ccsd.net /hrd/pdf-APS/descriptions/OSU Coordinator_IV_Food_Service_Financial_Management.pdf
110.02.16 10:51 B U:\hrd\pdf-APS\descriptions\OSU\Coordinator_IV_Payroll_and_Benefits.pdf --> www.ccsd.net /hrd/pdf-APS/descriptions/OSU Coordinator_IV_Payroll_and_Benefits.pdf
110.02.16 10:51 B U:\hrd\pdf-APS\descriptions\OSU\Coordinator_IV_Purchasing_and_Warehousing.pdf --> www.ccsd.net /hrd/pdf-APS/descriptions/OSU Coordinator_IV_Purchasing_and_Warehousing.pdf
110.02.16 10:51 B U:\hrd\pdf-APS\descriptions\OSU\Coordinator_IV_Real_Property_Management.pdf --> www.ccsd.net /hrd/pdf-APS/descriptions/OSU Coordinator_IV_Real_Property_Management.pdf
110.02.16 10:51 B U:\hrd\pdf-APS\descriptions\OSU\Coordinator_IV_Risk_and_Insurance_Services.pdf --> www.ccsd.net /hrd/pdf-APS/descriptions/OSU Coordinator_IV_Risk_and_Insurance_Services.pdf
110.02.16 10:51 B U:\hrd\pdf-APS\descriptions\OSU\Deputy_Chief_Financial_Officer.pdf --> www.ccsd.net /hrd/pdf-APS/descriptions/OSU Deputy_Chief_Financial_Officer.pdf
110.02.16 10:51 B U:\hrd\pdf-APS\descriptions\OSU\Director_I_Food_Service.pdf --> www.ccsd.net /hrd/pdf-APS/descriptions/OSU Director_I_Food_Service.pdf
110.02.16 10:51 B U:\hrd\pdf-APS\descriptions\OSU\Director_I_Purchasing_and_Warehousing.pdf --> www.ccsd.net /hrd/pdf-APS/descriptions/OSU Director_I_Purchasing_and_Warehousing.pdf
110.02.16 10:51 B U:\hrd\pdf-APS\descriptions\OSU\Director_I_Transportation.pdf --> www.ccsd.net /hrd/pdf-APS/descriptions/OSU Director_I_Transportation.pdf
110.02.16 10:51 B U:\hrd\pdf-APS\descriptions\OSU\Director_I_Vehicle_Maintenance.pdf --> www.ccsd.net /hrd/pdf-APS/descriptions/OSU Director_I_Vehicle_Maintenance.pdf
110.02.16 10:51 B U:\hrd\pdf-APS\descriptions\OSU\Director_II_Budget.pdf --> www.ccsd.net /hrd/pdf-APS/descriptions/OSU Director_II_Budget.pdf
110.02.16 10:51 B U:\hrd\pdf-APS\descriptions\OSU\Director_II_Demographics_Zoning_and_GIS.pdf --> www.ccsd.net /hrd/pdf-APS/descriptions/OSU Director_II_Demographics_Zoning_and_GIS.pdf
110.02.16 10:51 B U:\hrd\pdf-APS\descriptions\OSU\Director_II_Employee_Management_Relations.pdf --> www.ccsd.net /hrd/pdf-APS/descriptions/OSU Director_II_Employee_Management_Relations.pdf
110.02.16 10:51 B U:\hrd\pdf-APS\descriptions\OSU\Director_II_Facilities_and_Bond_Fund_Financial_Management.pdf --> www.ccsd.net /hrd/pdf-APS/descriptions/OSU Director_II_Facilities_and_Bond_Fund_Financial_Management.pdf
110.02.16 10:51 B U:\hrd\pdf-APS\descriptions\OSU\Director_II_Real_Property_Management.pdf --> www.ccsd.net /hrd/pdf-APS/descriptions/OSU Director_II_Real_Property_Management.pdf
110.02.16 10:51 B U:\hrd\pdf-APS\descriptions\OSU\Director_II_Risk_Management.pdf --> www.ccsd.net /hrd/pdf-APS/descriptions/OSU Director_II_Risk_Management.pdf
110.02.16 10:51 B U:\hrd\pdf-APS\descriptions\OSU\Director_III_Food_Service.pdf --> www.ccsd.net /hrd/pdf-APS/descriptions/OSU Director_III_Food_Service.pdf
110.02.16 10:51 B U:\hrd\pdf-APS\descriptions\OSU\Director_III_Purchasing_and_Warehousing.pdf --> www.ccsd.net /hrd/pdf-APS/descriptions/OSU Director_III_Purchasing_and_Warehousing.pdf
110.02.16 10:51 B U:\hrd\pdf-APS\descriptions\OSU\Director_III_Transportation.pdf --> www.ccsd.net /hrd/pdf-APS/descriptions/OSU Director_III_Transportation.pdf
110.03.01 09:34 B U:\hrd\pdf-APS\descriptions\OSU\Director_I_Food_Service.pdf --> www.ccsd.net /hrd/pdf-APS/descriptions/OSU Director_I_Food_Service.pdf
110.03.01 09:36 B U:\hrd\pdf-APS\descriptions\OSU\Coordinator_IV_Demographics_and_Zoning.pdf --> www.ccsd.net /hrd/pdf-APS/descriptions/OSU Coordinator_IV_Demographics_and_Zoning.pdf
110.03.01 16:26 B U:\hrd\pdf-APS\descriptions\OSU\Coordinator_II_Dietician.pdf --> www.ccsd.net /hrd/pdf-APS/descriptions/OSU Coordinator_II_Dietician.pdf
110.06.04 14:42 B U:\hrd\pdf-APS\descriptions\OSU\Coordinator_I_Accounting_Treasury.pdf --> www.ccsd.net /hrd/pdf-APS/descriptions/OSU Coordinator_I_Accounting_Treasury.pdf
110.06.04 14:42 B U:\hrd\pdf-APS\descriptions\OSU\Coordinator_I_Fleet_Manager.pdf --> www.ccsd.net /hrd/pdf-APS/descriptions/OSU Coordinator_I_Fleet_Manager.pdf
110.06.04 14:42 B U:\hrd\pdf-APS\descriptions\OSU\Coordinator_II_GIS_Zoning_and_Demographics.pdf --> www.ccsd.net /hrd/pdf-APS/descriptions/OSU Coordinator_II_GIS_Zoning_and_Demographics.pdf
110.06.04 14:42 B U:\hrd\pdf-APS\descriptions\OSU\Coordinator_II_Real_Property_Management.pdf --> www.ccsd.net /hrd/pdf-APS/descriptions/OSU Coordinator_II_Real_Property_Management.pdf
110.06.04 14:42 B U:\hrd\pdf-APS\descriptions\OSU\Coordinator_II_Site_Development.pdf --> www.ccsd.net /hrd/pdf-APS/descriptions/OSU Coordinator_II_Site_Development.pdf
110.06.04 14:42 B U:\hrd\pdf-APS\descriptions\OSU\Coordinator_III_Administrative_Assistant_Bond_Administration.pdf --> www.ccsd.net /hrd/pdf-APS/descriptions/OSU Coordinator_III_Administrative_Assistant_Bond_Administration.pdf
110.06.04 14:42 B U:\hrd\pdf-APS\descriptions\OSU\Coordinator_III_Budget.pdf --> www.ccsd.net /hrd/pdf-APS/descriptions/OSU Coordinator_III_Budget.pdf
110.06.04 14:42 B U:\hrd\pdf-APS\descriptions\OSU\Coordinator_III_Cash_and_Investment_Management.pdf --> www.ccsd.net /hrd/pdf-APS/descriptions/OSU Coordinator_III_Cash_and_Investment_Management.pdf
110.06.04 14:42 B U:\hrd\pdf-APS\descriptions\OSU\Coordinator_III_Facilities_and_Bond_Fund_Financial_Management.pdf --> www.ccsd.net /hrd/pdf-APS/descriptions/OSU Coordinator_III_Facilities_and_Bond_Fund_Financial_Management.pdf
110.06.04 14:42 B U:\hrd\pdf-APS\descriptions\OSU\Coordinator_IV_Accounting.pdf --> www.ccsd.net /hrd/pdf-APS/descriptions/OSU Coordinator_IV_Accounting.pdf
110.06.04 14:42 B U:\hrd\pdf-APS\descriptions\OSU\Coordinator_IV_Bus_Operations.pdf --> www.ccsd.net /hrd/pdf-APS/descriptions/OSU Coordinator_IV_Bus_Operations.pdf
110.06.04 14:42 B U:\hrd\pdf-APS\descriptions\OSU\Coordinator_IV_Employee_Management_Relations.pdf --> www.ccsd.net /hrd/pdf-APS/descriptions/OSU Coordinator_IV_Employee_Management_Relations.pdf
110.06.04 14:42 B U:\hrd\pdf-APS\descriptions\OSU\Coordinator_IV_Food_Service_Financial_Management.pdf --> www.ccsd.net /hrd/pdf-APS/descriptions/OSU Coordinator_IV_Food_Service_Financial_Management.pdf
110.06.04 14:42 B U:\hrd\pdf-APS\descriptions\OSU\Coordinator_IV_Payroll_and_Benefits.pdf --> www.ccsd.net /hrd/pdf-APS/descriptions/OSU Coordinator_IV_Payroll_and_Benefits.pdf
110.06.04 14:42 B U:\hrd\pdf-APS\descriptions\OSU\Coordinator_IV_Purchasing_and_Warehousing.pdf --> www.ccsd.net /hrd/pdf-APS/descriptions/OSU Coordinator_IV_Purchasing_and_Warehousing.pdf
110.06.04 14:42 B U:\hrd\pdf-APS\descriptions\OSU\Coordinator_IV_Real_Property_Management.pdf --> www.ccsd.net /hrd/pdf-APS/descriptions/OSU Coordinator_IV_Real_Property_Management.pdf
110.06.04 14:42 B U:\hrd\pdf-APS\descriptions\OSU\Director_II_Employee_Management_Relations.pdf --> www.ccsd.net /hrd/pdf-APS/descriptions/OSU Director_II_Employee_Management_Relations.pdf
110.06.05 10:14 B U:\hrd\pdf-APS\descriptions\OSU\Coordinator_I_Accounting_Treasury.pdf --> www.ccsd.net /hrd/pdf-APS/descriptions/OSU Coordinator_I_Accounting_Treasury.pdf
110.06.05 10:14 B U:\hrd\pdf-APS\descriptions\OSU\Coordinator_I_Fleet_Manager.pdf --> www.ccsd.net /hrd/pdf-APS/descriptions/OSU Coordinator_I_Fleet_Manager.pdf
110.06.05 10:14 B U:\hrd\pdf-APS\descriptions\OSU\Coordinator_II_GIS_Zoning_and_Demographics.pdf --> www.ccsd.net /hrd/pdf-APS/descriptions/OSU Coordinator_II_GIS_Zoning_and_Demographics.pdf
110.06.05 10:14 B U:\hrd\pdf-APS\descriptions\OSU\Coordinator_II_Real_Property_Management.pdf --> www.ccsd.net /hrd/pdf-APS/descriptions/OSU Coordinator_II_Real_Property_Management.pdf
110.06.05 10:14 B U:\hrd\pdf-APS\descriptions\OSU\Coordinator_II_Site_Development.pdf --> www.ccsd.net /hrd/pdf-APS/descriptions/OSU Coordinator_II_Site_Development.pdf
110.06.05 10:14 B U:\hrd\pdf-APS\descriptions\OSU\Coordinator_III_Administrative_Assistant_Bond_Administration.pdf --> www.ccsd.net /hrd/pdf-APS/descriptions/OSU Coordinator_III_Administrative_Assistant_Bond_Administration.pdf
110.06.05 10:14 B U:\hrd\pdf-APS\descriptions\OSU\Coordinator_III_Budget.pdf --> www.ccsd.net /hrd/pdf-APS/descriptions/OSU Coordinator_III_Budget.pdf
110.06.05 10:14 B U:\hrd\pdf-APS\descriptions\OSU\Coordinator_III_Cash_and_Investment_Management.pdf --> www.ccsd.net /hrd/pdf-APS/descriptions/OSU Coordinator_III_Cash_and_Investment_Management.pdf
110.06.05 10:14 B U:\hrd\pdf-APS\descriptions\OSU\Coordinator_III_Facilities_and_Bond_Fund_Financial_Management.pdf --> www.ccsd.net /hrd/pdf-APS/descriptions/OSU Coordinator_III_Facilities_and_Bond_Fund_Financial_Management.pdf
110.06.05 10:14 B U:\hrd\pdf-APS\descriptions\OSU\Coordinator_IV_Accounting.pdf --> www.ccsd.net /hrd/pdf-APS/descriptions/OSU Coordinator_IV_Accounting.pdf
110.06.05 10:14 B U:\hrd\pdf-APS\descriptions\OSU\Coordinator_IV_Bus_Operations.pdf --> www.ccsd.net /hrd/pdf-APS/descriptions/OSU Coordinator_IV_Bus_Operations.pdf
110.06.05 10:14 B U:\hrd\pdf-APS\descriptions\OSU\Coordinator_IV_Employee_Management_Relations.pdf --> www.ccsd.net /hrd/pdf-APS/descriptions/OSU Coordinator_IV_Employee_Management_Relations.pdf
110.06.05 10:14 B U:\hrd\pdf-APS\descriptions\OSU\Coordinator_IV_Food_Service_Financial_Management.pdf --> www.ccsd.net /hrd/pdf-APS/descriptions/OSU Coordinator_IV_Food_Service_Financial_Management.pdf
110.06.05 10:14 B U:\hrd\pdf-APS\descriptions\OSU\Coordinator_IV_Payroll_and_Benefits.pdf --> www.ccsd.net /hrd/pdf-APS/descriptions/OSU Coordinator_IV_Payroll_and_Benefits.pdf
110.06.05 10:14 B U:\hrd\pdf-APS\descriptions\OSU\Coordinator_IV_Purchasing_and_Warehousing.pdf --> www.ccsd.net /hrd/pdf-APS/descriptions/OSU Coordinator_IV_Purchasing_and_Warehousing.pdf
110.06.05 10:14 B U:\hrd\pdf-APS\descriptions\OSU\Coordinator_IV_Real_Property_Management.pdf --> www.ccsd.net /hrd/pdf-APS/descriptions/OSU Coordinator_IV_Real_Property_Management.pdf
110.06.05 10:14 B U:\hrd\pdf-APS\descriptions\OSU\Director_I_Transportation.pdf --> www.ccsd.net /hrd/pdf-APS/descriptions/OSU Director_I_Transportation.pdf
110.06.05 10:14 B U:\hrd\pdf-APS\descriptions\OSU\Director_II_Employee_Management_Relations.pdf --> www.ccsd.net /hrd/pdf-APS/descriptions/OSU Director_II_Employee_Management_Relations.pdf
110.06.05 10:14 B U:\hrd\pdf-APS\descriptions\OSU\Director_II_Facilities_and_Bond_Fund_Financial_Management.pdf --> www.ccsd.net /hrd/pdf-APS/descriptions/OSU Director_II_Facilities_and_Bond_Fund_Financial_Management.pdf
