110.03.03 13:58 B U:\hrd\pdf-APS\descriptions\IU\Academic_Manager.pdf --> www.ccsd.net /hrd/pdf-APS/descriptions/IU Academic_Manager.pdf
110.03.03 13:58 B U:\hrd\pdf-APS\descriptions\IU\Academic_Manager_Choice_Schools.pdf --> www.ccsd.net /hrd/pdf-APS/descriptions/IU Academic_Manager_Choice_Schools.pdf
110.03.03 13:58 B U:\hrd\pdf-APS\descriptions\IU\Academic_Manager_Professional_Practice_and_Improvement.pdf --> www.ccsd.net /hrd/pdf-APS/descriptions/IU Academic_Manager_Professional_Practice_and_Improvement.pdf
110.03.03 13:58 B U:\hrd\pdf-APS\descriptions\IU\Assistant_Principal_Elementary_School.pdf --> www.ccsd.net /hrd/pdf-APS/descriptions/IU Assistant_Principal_Elementary_School.pdf
110.03.03 13:58 B U:\hrd\pdf-APS\descriptions\IU\Assistant_Principal_Secondary_School.pdf --> www.ccsd.net /hrd/pdf-APS/descriptions/IU Assistant_Principal_Secondary_School.pdf
110.03.03 13:58 B U:\hrd\pdf-APS\descriptions\IU\Associate_Superintendent_Instruction_Unit.pdf --> www.ccsd.net /hrd/pdf-APS/descriptions/IU Associate_Superintendent_Instruction_Unit.pdf
110.03.03 13:58 B U:\hrd\pdf-APS\descriptions\IU\Associate_Superintendent_Superintendent's_Schools.pdf --> www.ccsd.net /hrd/pdf-APS/descriptions/IU Associate_Superintendent_Superintendent's_Schools.pdf
110.03.03 13:59 B U:\hrd\pdf-APS\descriptions\IU\Associate_Superintendent_Superintendent's_Schools.pdf --> www.ccsd.net /hrd/pdf-APS/descriptions/IU Associate_Superintendent_Superintendent's_Schools.pdf
110.03.03 13:59 B U:\hrd\pdf-APS\descriptions\IU\Academic_Manager.pdf --> www.ccsd.net /hrd/pdf-APS/descriptions/IU Academic_Manager.pdf
110.03.03 13:59 B U:\hrd\pdf-APS\descriptions\IU\Academic_Manager_Choice_Schools.pdf --> www.ccsd.net /hrd/pdf-APS/descriptions/IU Academic_Manager_Choice_Schools.pdf
110.03.03 13:59 B U:\hrd\pdf-APS\descriptions\IU\Academic_Manager_Professional_Practice_and_Improvement.pdf --> www.ccsd.net /hrd/pdf-APS/descriptions/IU Academic_Manager_Professional_Practice_and_Improvement.pdf
110.03.03 13:59 B U:\hrd\pdf-APS\descriptions\IU\Assistant_Principal_Elementary_School.pdf --> www.ccsd.net /hrd/pdf-APS/descriptions/IU Assistant_Principal_Elementary_School.pdf
110.03.03 13:59 B U:\hrd\pdf-APS\descriptions\IU\Assistant_Principal_Secondary_School.pdf --> www.ccsd.net /hrd/pdf-APS/descriptions/IU Assistant_Principal_Secondary_School.pdf
110.03.03 13:59 B U:\hrd\pdf-APS\descriptions\IU\Associate_Superintendent_Instruction_Unit.pdf --> www.ccsd.net /hrd/pdf-APS/descriptions/IU Associate_Superintendent_Instruction_Unit.pdf
110.03.03 13:59 B U:\hrd\pdf-APS\descriptions\IU\Associate_Superintendent_Superintendent's_Schools.pdf --> www.ccsd.net /hrd/pdf-APS/descriptions/IU Associate_Superintendent_Superintendent's_Schools.pdf
110.03.03 13:59 B U:\hrd\pdf-APS\descriptions\IU\Coordinator_III_Administrative_Assistant_Instruction_Unit.pdf --> www.ccsd.net /hrd/pdf-APS/descriptions/IU Coordinator_III_Administrative_Assistant_Instruction_Unit.pdf
110.03.03 13:59 B U:\hrd\pdf-APS\descriptions\IU\Dean_of_Students_Secondary_School.pdf --> www.ccsd.net /hrd/pdf-APS/descriptions/IU Dean_of_Students_Secondary_School.pdf
110.03.03 13:59 B U:\hrd\pdf-APS\descriptions\IU\Deputy_Superintendent_Instructional_Services.pdf --> www.ccsd.net /hrd/pdf-APS/descriptions/IU Deputy_Superintendent_Instructional_Services.pdf
110.03.03 13:59 B U:\hrd\pdf-APS\descriptions\IU\Director_I_Instruction_and_Facility_Administration.pdf --> www.ccsd.net /hrd/pdf-APS/descriptions/IU Director_I_Instruction_and_Facility_Administration.pdf
110.03.03 13:59 B U:\hrd\pdf-APS\descriptions\IU\Principal_Elementary.pdf --> www.ccsd.net /hrd/pdf-APS/descriptions/IU Principal_Elementary.pdf
110.03.03 13:59 B U:\hrd\pdf-APS\descriptions\IU\Principal_Junior_High_Middle_School.pdf --> www.ccsd.net /hrd/pdf-APS/descriptions/IU Principal_Junior_High_Middle_School.pdf
110.03.03 13:59 B U:\hrd\pdf-APS\descriptions\IU\Principal_Senior_High_School.pdf --> www.ccsd.net /hrd/pdf-APS/descriptions/IU Principal_Senior_High_School.pdf
110.03.03 14:00 B U:\hrd\pdf-APS\descriptions\IU\Coordinator_III_Administrative_Assistant_Instruction_Unit.pdf --> www.ccsd.net /hrd/pdf-APS/descriptions/IU Coordinator_III_Administrative_Assistant_Instruction_Unit.pdf
110.03.03 14:00 B U:\hrd\pdf-APS\descriptions\IU\Associate_Superintendent_Superintendents_Schools.pdf --> www.ccsd.net /hrd/pdf-APS/descriptions/IU Associate_Superintendent_Superintendents_Schools.pdf
